This is pdfTeX, Version 3.1415926-2.3-1.40.12 (MiKTeX 2.9) (preloaded format=pdflatex 2013.1.18)  29 OCT 2013 21:02
entering extended mode
**Assignment*06.tex

("C:\Users\Corren\Documents\Universities\ODU\ODU PhD\Courses\2013 Fall           - CS 895 Introduction to Web Science\Ho
mework Assignments\Assignment 06\Assignment 06.tex"
LaTeX2e <2011/06/27>
Babel <v3.8m> and hyphenation patterns for english, afrikaans, ancientgreek, arabic, armenian, assamese, basque, bengali
, bokmal, bulgarian, catalan, coptic, croatian, czech, danish, dutch, esperanto, estonian, farsi, finnish, french, galic
ian, german, german-x-2009-06-19, greek, gujarati, hindi, hungarian, icelandic, indonesian, interlingua, irish, italian,
 kannada, kurmanji, lao, latin, latvian, lithuanian, malayalam, marathi, mongolian, mongolianlmc, monogreek, ngerman, ng
erman-x-2009-06-19, nynorsk, oriya, panjabi, pinyin, polish, portuguese, romanian, russian, sanskrit, serbian, slovak, s
lovenian, spanish, swedish, swissgerman, tamil, telugu, turkish, turkmen, ukenglish, ukrainian, uppersorbian, usenglishm
ax, welsh, loaded.
("C:\Program Files (x86)\MiKTeX 2.9\tex\latex\base\report.cls"
Document Class: report 2007/10/19 v1.4h Standard LaTeX document class
("C:\Program Files (x86)\MiKTeX 2.9\tex\latex\base\size11.clo"
File: size11.clo 2007/10/19 v1.4h Standard LaTeX file (size option)
)
\c@part=\count79
\c@chapter=\count80
\c@section=\count81
\c@subsection=\count82
\c@subsubsection=\count83
\c@paragraph=\count84
\c@subparagraph=\count85
\c@figure=\count86
\c@table=\count87
\abovecaptionskip=\skip41
\belowcaptionskip=\skip42
\bibindent=\dimen102
)
("C:\Program Files (x86)\MiKTeX 2.9\tex\latex\float\float.sty"
Package: float 2001/11/08 v1.3d Float enhancements (AL)
\c@float@type=\count88
\float@exts=\toks14
\float@box=\box26
\@float@everytoks=\toks15
\@floatcapt=\box27
)
("C:\Program Files (x86)\MiKTeX 2.9\tex\latex\graphics\graphicx.sty"
Package: graphicx 1999/02/16 v1.0f Enhanced LaTeX Graphics (DPC,SPQR)

("C:\Program Files (x86)\MiKTeX 2.9\tex\latex\graphics\keyval.sty"
Package: keyval 1999/03/16 v1.13 key=value parser (DPC)
\KV@toks@=\toks16
)
("C:\Program Files (x86)\MiKTeX 2.9\tex\latex\graphics\graphics.sty"
Package: graphics 2009/02/05 v1.0o Standard LaTeX Graphics (DPC,SPQR)

("C:\Program Files (x86)\MiKTeX 2.9\tex\latex\graphics\trig.sty"
Package: trig 1999/03/16 v1.09 sin cos tan (DPC)
)
("C:\Program Files (x86)\MiKTeX 2.9\tex\latex\00miktex\graphics.cfg"
File: graphics.cfg 2007/01/18 v1.5 graphics configuration of teTeX/TeXLive
)
Package graphics Info: Driver file: pdftex.def on input line 91.

("C:\Program Files (x86)\MiKTeX 2.9\tex\latex\pdftex-def\pdftex.def"
File: pdftex.def 2011/05/27 v0.06d Graphics/color for pdfTeX

("C:\Program Files (x86)\MiKTeX 2.9\tex\generic\oberdiek\infwarerr.sty"
Package: infwarerr 2010/04/08 v1.3 Providing info/warning/error messages (HO)
)
("C:\Program Files (x86)\MiKTeX 2.9\tex\generic\oberdiek\ltxcmds.sty"
Package: ltxcmds 2011/11/09 v1.22 LaTeX kernel commands for general use (HO)
)
\Gread@gobject=\count89
))
\Gin@req@height=\dimen103
\Gin@req@width=\dimen104
)
("C:\Program Files (x86)\MiKTeX 2.9\tex\latex\mdwtools\footnote.sty"
Package: footnote 1997/01/28 1.13 Save footnotes around boxes
\fn@notes=\box28
\fn@width=\dimen105
)
("C:\Program Files (x86)\MiKTeX 2.9\tex\latex\tools\longtable.sty"
Package: longtable 2004/02/01 v4.11 Multi-page Table package (DPC)
\LTleft=\skip43
\LTright=\skip44
\LTpre=\skip45
\LTpost=\skip46
\LTchunksize=\count90
\LTcapwidth=\dimen106
\LT@head=\box29
\LT@firsthead=\box30
\LT@foot=\box31
\LT@lastfoot=\box32
\LT@cols=\count91
\LT@rows=\count92
\c@LT@tables=\count93
\c@LT@chunks=\count94
\LT@p@ftn=\toks17
)
("C:\Program Files (x86)\MiKTeX 2.9\tex\latex\multirow\multirow.sty"
\bigstrutjot=\dimen107
)
("C:\Program Files (x86)\MiKTeX 2.9\tex\latex\tablefootnote\tablefootnote.sty"
Package: tablefootnote 2012/07/29 v1.0h Table foot notes (HMM)

("C:\Program Files (x86)\MiKTeX 2.9\tex\latex\oberdiek\letltxmacro.sty"
Package: letltxmacro 2010/09/02 v1.4 Let assignment for LaTeX macros (HO)
)
("C:\Program Files (x86)\MiKTeX 2.9\tex\latex\etoolbox\etoolbox.sty"
Package: etoolbox 2011/01/03 v2.1 e-TeX tools for LaTeX

("C:\Program Files (x86)\MiKTeX 2.9\tex\latex\misc\etex.sty"
Package: etex 1998/03/26 v2.0 eTeX basic definition package (PEB)
\et@xins=\count95
)
\etb@tempcnta=\count96
))
("C:\Program Files (x86)\MiKTeX 2.9\tex\latex\tools\tabularx.sty"
Package: tabularx 1999/01/07 v2.07 `tabularx' package (DPC)

("C:\Program Files (x86)\MiKTeX 2.9\tex\latex\tools\array.sty"
Package: array 2008/09/09 v2.4c Tabular extension package (FMi)
\col@sep=\dimen108
\extrarowheight=\dimen109
\NC@list=\toks18
\extratabsurround=\skip47
\backup@length=\skip48
)
\TX@col@width=\dimen110
\TX@old@table=\dimen111
\TX@old@col=\dimen112
\TX@target=\dimen113
\TX@delta=\dimen114
\TX@cols=\count97
\TX@ftn=\toks19
)
("C:\Program Files (x86)\MiKTeX 2.9\tex\latex\ltxmisc\url.sty"
\Urlmuskip=\muskip10
Package: url 2006/04/12  ver 3.3  Verb mode for urls, etc.
)
("C:\Users\Corren\Documents\Universities\ODU\ODU PhD\Courses\2013 Fall           - CS 895 Introduction to Web Science\Ho
mework Assignments\Assignment 06\Assignment 06.aux")
LaTeX Font Info:    Checking defaults for OML/cmm/m/it on input line 19.
LaTeX Font Info:    ... okay on input line 19.
LaTeX Font Info:    Checking defaults for T1/cmr/m/n on input line 19.
LaTeX Font Info:    ... okay on input line 19.
LaTeX Font Info:    Checking defaults for OT1/cmr/m/n on input line 19.
LaTeX Font Info:    ... okay on input line 19.
LaTeX Font Info:    Checking defaults for OMS/cmsy/m/n on input line 19.
LaTeX Font Info:    ... okay on input line 19.
LaTeX Font Info:    Checking defaults for OMX/cmex/m/n on input line 19.
LaTeX Font Info:    ... okay on input line 19.
LaTeX Font Info:    Checking defaults for U/cmr/m/n on input line 19.
LaTeX Font Info:    ... okay on input line 19.
 ("C:\Program Files (x86)\MiKTeX 2.9\tex\context\base\supp-pdf.mkii"
[Loading MPS to PDF converter (version 2006.09.02).]
\scratchcounter=\count98
\scratchdimen=\dimen115
\scratchbox=\box33
\nofMPsegments=\count99
\nofMParguments=\count100
\everyMPshowfont=\toks20
\MPscratchCnt=\count101
\MPscratchDim=\dimen116
\MPnumerator=\count102
\makeMPintoPDFobject=\count103
\everyMPtoPDFconversion=\toks21
)
LaTeX Font Info:    External font `cmex10' loaded for size
(Font)              <12> on input line 26.
LaTeX Font Info:    External font `cmex10' loaded for size
(Font)              <8> on input line 26.
LaTeX Font Info:    External font `cmex10' loaded for size
(Font)              <6> on input line 26.
 [1

{C:/ProgramData/MiKTeX/2.9/pdftex/config/pdftex.map}]
("C:\Users\Corren\Documents\Universities\ODU\ODU PhD\Courses\2013 Fall           - CS 895 Introduction to Web Science\Ho
mework Assignments\Assignment 06\Assignment 06.toc"
LaTeX Font Info:    External font `cmex10' loaded for size
(Font)              <10.95> on input line 1.
)
\tf@toc=\write3
 [1

]
("C:\Users\Corren\Documents\Universities\ODU\ODU PhD\Courses\2013 Fall           - CS 895 Introduction to Web Science\Ho
mework Assignments\Assignment 06\Assignment 06.lof")
\tf@lof=\write4
 [2

]
("C:\Users\Corren\Documents\Universities\ODU\ODU PhD\Courses\2013 Fall           - CS 895 Introduction to Web Science\Ho
mework Assignments\Assignment 06\Assignment 06.lot")
\tf@lot=\write5
 [3

] <zachary.png, id=19, 566.115pt x 368.1253pt>
File: zachary.png Graphic file (type png)
 <use zachary.png>
Package pdftex.def Info: zachary.png used on input line 45.
(pdftex.def)             Requested size: 486.47249pt x 316.34567pt.

[4 <C:/Users/Corren/Documents/Universities/ODU/ODU PhD/Courses/2013 Fall           - CS 895 Introduction to Web Science/
Homework Assignments/Assignment 06/zachary.png>]
LaTeX Font Info:    External font `cmex10' loaded for size
(Font)              <9> on input line 59.
LaTeX Font Info:    External font `cmex10' loaded for size
(Font)              <5> on input line 59.
LaTeX Font Info:    Try loading font information for OMS+cmr on input line 62.
 ("C:\Program Files (x86)\MiKTeX 2.9\tex\latex\base\omscmr.fd"
File: omscmr.fd 1999/05/25 v2.5h Standard LaTeX font definitions
)
LaTeX Font Info:    Font shape `OMS/cmr/m/n' in size <10.95> not available
(Font)              Font shape `OMS/cmsy/m/n' tried instead on input line 62.

<karateClub-community-0001.png, id=23, 481.8pt x 481.8pt>
File: karateClub-community-0001.png Graphic file (type png)
 <use karateClub-community-0001.png>
Package pdftex.def Info: karateClub-community-0001.png used on input line 76.
(pdftex.def)             Requested size: 134.90308pt x 134.90308pt.

<karateClub-community-0002.png, id=24, 481.8pt x 481.8pt>
File: karateClub-community-0002.png Graphic file (type png)
 <use karateClub-community-0002.png>
Package pdftex.def Info: karateClub-community-0002.png used on input line 77.
(pdftex.def)             Requested size: 134.90308pt x 134.90308pt.

<karateClub-community-0003.png, id=25, 481.8pt x 481.8pt>
File: karateClub-community-0003.png Graphic file (type png)
 <use karateClub-community-0003.png>
Package pdftex.def Info: karateClub-community-0003.png used on input line 78.
(pdftex.def)             Requested size: 134.90308pt x 134.90308pt.

<karateClub-community-0004.png, id=26, 481.8pt x 481.8pt>
File: karateClub-community-0004.png Graphic file (type png)
 <use karateClub-community-0004.png>
Package pdftex.def Info: karateClub-community-0004.png used on input line 79.
(pdftex.def)             Requested size: 134.90308pt x 134.90308pt.

<karateClub-community-0005.png, id=27, 481.8pt x 481.8pt>
File: karateClub-community-0005.png Graphic file (type png)
 <use karateClub-community-0005.png>
Package pdftex.def Info: karateClub-community-0005.png used on input line 80.
(pdftex.def)             Requested size: 134.90308pt x 134.90308pt.

<karateClub-community-0006.png, id=28, 481.8pt x 481.8pt>
File: karateClub-community-0006.png Graphic file (type png)
 <use karateClub-community-0006.png>
Package pdftex.def Info: karateClub-community-0006.png used on input line 81.
(pdftex.def)             Requested size: 134.90308pt x 134.90308pt.

<karateClub-community-0007.png, id=29, 481.8pt x 481.8pt>
File: karateClub-community-0007.png Graphic file (type png)
 <use karateClub-community-0007.png>
Package pdftex.def Info: karateClub-community-0007.png used on input line 82.
(pdftex.def)             Requested size: 134.90308pt x 134.90308pt.

<karateClub-community-0008.png, id=30, 481.8pt x 481.8pt>
File: karateClub-community-0008.png Graphic file (type png)
 <use karateClub-community-0008.png>
Package pdftex.def Info: karateClub-community-0008.png used on input line 83.
(pdftex.def)             Requested size: 134.90308pt x 134.90308pt.

<karateClub-community-0009.png, id=31, 481.8pt x 481.8pt>
File: karateClub-community-0009.png Graphic file (type png)
 <use karateClub-community-0009.png>
Package pdftex.def Info: karateClub-community-0009.png used on input line 84.
(pdftex.def)             Requested size: 134.90308pt x 134.90308pt.

<karateClub-community-0010.png, id=32, 481.8pt x 481.8pt>
File: karateClub-community-0010.png Graphic file (type png)
 <use karateClub-community-0010.png>
Package pdftex.def Info: karateClub-community-0010.png used on input line 85.
(pdftex.def)             Requested size: 134.90308pt x 134.90308pt.

<karateClub-community-0011.png, id=33, 481.8pt x 481.8pt>
File: karateClub-community-0011.png Graphic file (type png)
 <use karateClub-community-0011.png>
Package pdftex.def Info: karateClub-community-0011.png used on input line 86.
(pdftex.def)             Requested size: 134.90308pt x 134.90308pt.

<karateClub-community-0012.png, id=34, 481.8pt x 481.8pt>
File: karateClub-community-0012.png Graphic file (type png)
 <use karateClub-community-0012.png>
Package pdftex.def Info: karateClub-community-0012.png used on input line 87.
(pdftex.def)             Requested size: 134.90308pt x 134.90308pt.

<karateClub-community-0013.png, id=35, 481.8pt x 481.8pt>
File: karateClub-community-0013.png Graphic file (type png)
 <use karateClub-community-0013.png>
Package pdftex.def Info: karateClub-community-0013.png used on input line 88.
(pdftex.def)             Requested size: 134.90308pt x 134.90308pt.


LaTeX Warning: Float too large for page by 47.77614pt on input line 93.

[5] [6 <C:/Users/Corren/Documents/Universities/ODU/ODU PhD/Courses/2013 Fall           - CS 895 Introduction to Web Scie
nce/Homework Assignments/Assignment 06/karateClub-community-0001.png> <C:/Users/Corren/Documents/Universities/ODU/ODU Ph
D/Courses/2013 Fall           - CS 895 Introduction to Web Science/Homework Assignments/Assignment 06/karateClub-communi
ty-0002.png> <C:/Users/Corren/Documents/Universities/ODU/ODU PhD/Courses/2013 Fall           - CS 895 Introduction to We
b Science/Homework Assignments/Assignment 06/karateClub-community-0003.png> <C:/Users/Corren/Documents/Universities/ODU/
ODU PhD/Courses/2013 Fall           - CS 895 Introduction to Web Science/Homework Assignments/Assignment 06/karateClub-c
ommunity-0004.png> <C:/Users/Corren/Documents/Universities/ODU/ODU PhD/Courses/2013 Fall           - CS 895 Introduction
 to Web Science/Homework Assignments/Assignment 06/karateClub-community-0005.png> <C:/Users/Corren/Documents/Universitie
s/ODU/ODU PhD/Courses/2013 Fall           - CS 895 Introduction to Web Science/Homework Assignments/Assignment 06/karate
Club-community-0006.png> <C:/Users/Corren/Documents/Universities/ODU/ODU PhD/Courses/2013 Fall           - CS 895 Introd
uction to Web Science/Homework Assignments/Assignment 06/karateClub-community-0007.png> <C:/Users/Corren/Documents/Unive
rsities/ODU/ODU PhD/Courses/2013 Fall           - CS 895 Introduction to Web Science/Homework Assignments/Assignment 06/
karateClub-community-0008.png> <C:/Users/Corren/Documents/Universities/ODU/ODU PhD/Courses/2013 Fall           - CS 895 
Introduction to Web Science/Homework Assignments/Assignment 06/karateClub-community-0009.png> <C:/Users/Corren/Documents
/Universities/ODU/ODU PhD/Courses/2013 Fall           - CS 895 Introduction to Web Science/Homework Assignments/Assignme
nt 06/karateClub-community-0010.png> <C:/Users/Corren/Documents/Universities/ODU/ODU PhD/Courses/2013 Fall           - C
S 895 Introduction to Web Science/Homework Assignments/Assignment 06/karateClub-community-0011.png> <C:/Users/Corren/Doc
uments/Universities/ODU/ODU PhD/Courses/2013 Fall           - CS 895 Introduction to Web Science/Homework Assignments/As
signment 06/karateClub-community-0012.png> <C:/Users/Corren/Documents/Universities/ODU/ODU PhD/Courses/2013 Fall        
   - CS 895 Introduction to Web Science/Homework Assignments/Assignment 06/karateClub-community-0013.png>]
<karateClubThreeGroups.png, id=58, 774.895pt x 469.755pt>
File: karateClubThreeGroups.png Graphic file (type png)
 <use karateClubThreeGroups.png>
Package pdftex.def Info: karateClubThreeGroups.png used on input line 154.
(pdftex.def)             Requested size: 486.47249pt x 294.91504pt.

<karateClubFourGroups.png, id=59, 774.895pt x 469.755pt>
File: karateClubFourGroups.png Graphic file (type png)
 <use karateClubFourGroups.png>
Package pdftex.def Info: karateClubFourGroups.png used on input line 161.
(pdftex.def)             Requested size: 486.47249pt x 294.91504pt.

<karateClubFiveGroups.png, id=60, 774.895pt x 469.755pt>
File: karateClubFiveGroups.png Graphic file (type png)
 <use karateClubFiveGroups.png>
Package pdftex.def Info: karateClubFiveGroups.png used on input line 168.
(pdftex.def)             Requested size: 486.47249pt x 294.91504pt.

("C:\Users\Corren\Documents\Universities\ODU\ODU PhD\Courses\2013 Fall           - CS 895 Introduction to Web Science\Ho
mework Assignments\Assignment 06\Assignment 06.bbl" [7] [8] [9 <C:/Users/Corren/Documents/Universities/ODU/ODU PhD/Cours
es/2013 Fall           - CS 895 Introduction to Web Science/Homework Assignments/Assignment 06/karateClubThreeGroups.png
> <C:/Users/Corren/Documents/Universities/ODU/ODU PhD/Courses/2013 Fall           - CS 895 Introduction to Web Science/H
omework Assignments/Assignment 06/karateClubFourGroups.png>] [10 <C:/Users/Corren/Documents/Universities/ODU/ODU PhD/Cou
rses/2013 Fall           - CS 895 Introduction to Web Science/Homework Assignments/Assignment 06/karateClubFiveGroups.pn
g>]) [11

]
Appendix A.

("C:\Users\Corren\Documents\Universities\ODU\ODU PhD\Courses\2013 Fall           - CS 895 Introduction to Web Science\Ho
mework Assignments\Assignment 06\karateClub.r" [12

]
Overfull \hbox (2.16597pt too wide) in paragraph at lines 102--102
[]    \OT1/cmtt/m/n/10.95 #text(-1.5, yCoords, adj=c(0,0.5), round(sort(eb, dec=TRUE)[1:3],2), col=colbar2,[] 
 []

[13]) [14]
Appendix B.
<ZacharyFigure3.png, id=96, 579.66562pt x 560.8453pt>
File: ZacharyFigure3.png Graphic file (type png)
 <use ZacharyFigure3.png>
Package pdftex.def Info: ZacharyFigure3.png used on input line 187.
(pdftex.def)             Requested size: 486.47249pt x 470.67896pt.
 [15

 <C:/Users/Corren/Documents/Universities/ODU/ODU PhD/Courses/2013 Fall           - CS 895 Introduction to Web Science/Ho
mework Assignments/Assignment 06/ZacharyFigure3.png>]
("C:\Users\Corren\Documents\Universities\ODU\ODU PhD\Courses\2013 Fall           - CS 895 Introduction to Web Science\Ho
mework Assignments\Assignment 06\Assignment 06.aux") ) 
Here is how much of TeX's memory you used:
 2089 strings out of 494045
 31489 string characters out of 3145966
 93069 words of memory out of 3000000
 5340 multiletter control sequences out of 15000+200000
 11616 words of font info for 41 fonts, out of 3000000 for 9000
 715 hyphenation exceptions out of 8191
 30i,12n,21p,1428b,368s stack positions out of 5000i,500n,10000p,200000b,50000s
<C:/Program Files (x86)/MiKTeX 2.9/fonts/type1/public/amsfonts/cm/
cmbx10.pfb><C:/Program Files (x86)/MiKTeX 2.9/fonts/type1/public/amsfonts/cm/cmbx12.pfb><C:/Program Files (x86)/MiKTeX 2
.9/fonts/type1/public/amsfonts/cm/cmex10.pfb><C:/Program Files (x86)/MiKTeX 2.9/fonts/type1/public/amsfonts/cm/cmmi10.pf
b><C:/Program Files (x86)/MiKTeX 2.9/fonts/type1/public/amsfonts/cm/cmmi8.pfb><C:/Program Files (x86)/MiKTeX 2.9/fonts/t
ype1/public/amsfonts/cm/cmr10.pfb><C:/Program Files (x86)/MiKTeX 2.9/fonts/type1/public/amsfonts/cm/cmr12.pfb><C:/Progra
m Files (x86)/MiKTeX 2.9/fonts/type1/public/amsfonts/cm/cmr17.pfb><C:/Program Files (x86)/MiKTeX 2.9/fonts/type1/public/
amsfonts/cm/cmr6.pfb><C:/Program Files (x86)/MiKTeX 2.9/fonts/type1/public/amsfonts/cm/cmr8.pfb><C:/Program Files (x86)/
MiKTeX 2.9/fonts/type1/public/amsfonts/cm/cmsy10.pfb><C:/Program Files (x86)/MiKTeX 2.9/fonts/type1/public/amsfonts/cm/c
mti10.pfb><C:/Program Files (x86)/MiKTeX 2.9/fonts/type1/public/amsfonts/cm/cmtt10.pfb><C:/Program Files (x86)/MiKTeX 2.
9/fonts/type1/public/amsfonts/cm/cmtt9.pfb>
Output written on "Assignment 06.pdf" (16 pages, 555178 bytes).
PDF statistics:
 144 PDF objects out of 1000 (max. 8388607)
 0 named destinations out of 1000 (max. 500000)
 91 words of extra memory for PDF output out of 10000 (max. 10000000)

