This is pdfTeX, Version 3.1415926-2.3-1.40.12 (MiKTeX 2.9) (preloaded format=pdflatex 2013.1.18)  9 OCT 2013 20:11
entering extended mode
**Assignment04.tex

("C:\Users\Corren\Documents\Universities\ODU\ODU PhD\Courses\2013 Fall           - CS 895 Introduction to Web Science\Ho
mework Assignments\Assignment 04\Assignment04.tex"
LaTeX2e <2011/06/27>
Babel <v3.8m> and hyphenation patterns for english, afrikaans, ancientgreek, arabic, armenian, assamese, basque, bengali
, bokmal, bulgarian, catalan, coptic, croatian, czech, danish, dutch, esperanto, estonian, farsi, finnish, french, galic
ian, german, german-x-2009-06-19, greek, gujarati, hindi, hungarian, icelandic, indonesian, interlingua, irish, italian,
 kannada, kurmanji, lao, latin, latvian, lithuanian, malayalam, marathi, mongolian, mongolianlmc, monogreek, ngerman, ng
erman-x-2009-06-19, nynorsk, oriya, panjabi, pinyin, polish, portuguese, romanian, russian, sanskrit, serbian, slovak, s
lovenian, spanish, swedish, swissgerman, tamil, telugu, turkish, turkmen, ukenglish, ukrainian, uppersorbian, usenglishm
ax, welsh, loaded.
("C:\Program Files (x86)\MiKTeX 2.9\tex\latex\base\report.cls"
Document Class: report 2007/10/19 v1.4h Standard LaTeX document class
("C:\Program Files (x86)\MiKTeX 2.9\tex\latex\base\size11.clo"
File: size11.clo 2007/10/19 v1.4h Standard LaTeX file (size option)
)
\c@part=\count79
\c@chapter=\count80
\c@section=\count81
\c@subsection=\count82
\c@subsubsection=\count83
\c@paragraph=\count84
\c@subparagraph=\count85
\c@figure=\count86
\c@table=\count87
\abovecaptionskip=\skip41
\belowcaptionskip=\skip42
\bibindent=\dimen102
)
("C:\Program Files (x86)\MiKTeX 2.9\tex\latex\float\float.sty"
Package: float 2001/11/08 v1.3d Float enhancements (AL)
\c@float@type=\count88
\float@exts=\toks14
\float@box=\box26
\@float@everytoks=\toks15
\@floatcapt=\box27
)
("C:\Program Files (x86)\MiKTeX 2.9\tex\latex\graphics\graphicx.sty"
Package: graphicx 1999/02/16 v1.0f Enhanced LaTeX Graphics (DPC,SPQR)

("C:\Program Files (x86)\MiKTeX 2.9\tex\latex\graphics\keyval.sty"
Package: keyval 1999/03/16 v1.13 key=value parser (DPC)
\KV@toks@=\toks16
)
("C:\Program Files (x86)\MiKTeX 2.9\tex\latex\graphics\graphics.sty"
Package: graphics 2009/02/05 v1.0o Standard LaTeX Graphics (DPC,SPQR)

("C:\Program Files (x86)\MiKTeX 2.9\tex\latex\graphics\trig.sty"
Package: trig 1999/03/16 v1.09 sin cos tan (DPC)
)
("C:\Program Files (x86)\MiKTeX 2.9\tex\latex\00miktex\graphics.cfg"
File: graphics.cfg 2007/01/18 v1.5 graphics configuration of teTeX/TeXLive
)
Package graphics Info: Driver file: pdftex.def on input line 91.

("C:\Program Files (x86)\MiKTeX 2.9\tex\latex\pdftex-def\pdftex.def"
File: pdftex.def 2011/05/27 v0.06d Graphics/color for pdfTeX

("C:\Program Files (x86)\MiKTeX 2.9\tex\generic\oberdiek\infwarerr.sty"
Package: infwarerr 2010/04/08 v1.3 Providing info/warning/error messages (HO)
)
("C:\Program Files (x86)\MiKTeX 2.9\tex\generic\oberdiek\ltxcmds.sty"
Package: ltxcmds 2011/11/09 v1.22 LaTeX kernel commands for general use (HO)
)
\Gread@gobject=\count89
))
\Gin@req@height=\dimen103
\Gin@req@width=\dimen104
)
("C:\Program Files (x86)\MiKTeX 2.9\tex\latex\mdwtools\footnote.sty"
Package: footnote 1997/01/28 1.13 Save footnotes around boxes
\fn@notes=\box28
\fn@width=\dimen105
)
("C:\Program Files (x86)\MiKTeX 2.9\tex\latex\tools\longtable.sty"
Package: longtable 2004/02/01 v4.11 Multi-page Table package (DPC)
\LTleft=\skip43
\LTright=\skip44
\LTpre=\skip45
\LTpost=\skip46
\LTchunksize=\count90
\LTcapwidth=\dimen106
\LT@head=\box29
\LT@firsthead=\box30
\LT@foot=\box31
\LT@lastfoot=\box32
\LT@cols=\count91
\LT@rows=\count92
\c@LT@tables=\count93
\c@LT@chunks=\count94
\LT@p@ftn=\toks17
)
("C:\Program Files (x86)\MiKTeX 2.9\tex\latex\multirow\multirow.sty"
\bigstrutjot=\dimen107
)
("C:\Program Files (x86)\MiKTeX 2.9\tex\latex\tablefootnote\tablefootnote.sty"
Package: tablefootnote 2012/07/29 v1.0h Table foot notes (HMM)

("C:\Program Files (x86)\MiKTeX 2.9\tex\latex\oberdiek\letltxmacro.sty"
Package: letltxmacro 2010/09/02 v1.4 Let assignment for LaTeX macros (HO)
)
("C:\Program Files (x86)\MiKTeX 2.9\tex\latex\etoolbox\etoolbox.sty"
Package: etoolbox 2011/01/03 v2.1 e-TeX tools for LaTeX

("C:\Program Files (x86)\MiKTeX 2.9\tex\latex\misc\etex.sty"
Package: etex 1998/03/26 v2.0 eTeX basic definition package (PEB)
\et@xins=\count95
)
\etb@tempcnta=\count96
))
("C:\Program Files (x86)\MiKTeX 2.9\tex\latex\tools\tabularx.sty"
Package: tabularx 1999/01/07 v2.07 `tabularx' package (DPC)

("C:\Program Files (x86)\MiKTeX 2.9\tex\latex\tools\array.sty"
Package: array 2008/09/09 v2.4c Tabular extension package (FMi)
\col@sep=\dimen108
\extrarowheight=\dimen109
\NC@list=\toks18
\extratabsurround=\skip47
\backup@length=\skip48
)
\TX@col@width=\dimen110
\TX@old@table=\dimen111
\TX@old@col=\dimen112
\TX@target=\dimen113
\TX@delta=\dimen114
\TX@cols=\count97
\TX@ftn=\toks19
)
("C:\Program Files (x86)\MiKTeX 2.9\tex\latex\ltxmisc\url.sty"
\Urlmuskip=\muskip10
Package: url 2006/04/12  ver 3.3  Verb mode for urls, etc.
)
("C:\Users\Corren\Documents\Universities\ODU\ODU PhD\Courses\2013 Fall           - CS 895 Introduction to Web Science\Ho
mework Assignments\Assignment 04\Assignment04.aux")
LaTeX Font Info:    Checking defaults for OML/cmm/m/it on input line 19.
LaTeX Font Info:    ... okay on input line 19.
LaTeX Font Info:    Checking defaults for T1/cmr/m/n on input line 19.
LaTeX Font Info:    ... okay on input line 19.
LaTeX Font Info:    Checking defaults for OT1/cmr/m/n on input line 19.
LaTeX Font Info:    ... okay on input line 19.
LaTeX Font Info:    Checking defaults for OMS/cmsy/m/n on input line 19.
LaTeX Font Info:    ... okay on input line 19.
LaTeX Font Info:    Checking defaults for OMX/cmex/m/n on input line 19.
LaTeX Font Info:    ... okay on input line 19.
LaTeX Font Info:    Checking defaults for U/cmr/m/n on input line 19.
LaTeX Font Info:    ... okay on input line 19.
 ("C:\Program Files (x86)\MiKTeX 2.9\tex\context\base\supp-pdf.mkii"
[Loading MPS to PDF converter (version 2006.09.02).]
\scratchcounter=\count98
\scratchdimen=\dimen115
\scratchbox=\box33
\nofMPsegments=\count99
\nofMParguments=\count100
\everyMPshowfont=\toks20
\MPscratchCnt=\count101
\MPscratchDim=\dimen116
\MPnumerator=\count102
\makeMPintoPDFobject=\count103
\everyMPtoPDFconversion=\toks21
)
LaTeX Font Info:    External font `cmex10' loaded for size
(Font)              <12> on input line 26.
LaTeX Font Info:    External font `cmex10' loaded for size
(Font)              <8> on input line 26.
LaTeX Font Info:    External font `cmex10' loaded for size
(Font)              <6> on input line 26.
 [1

{C:/ProgramData/MiKTeX/2.9/pdftex/config/pdftex.map}]
("C:\Users\Corren\Documents\Universities\ODU\ODU PhD\Courses\2013 Fall           - CS 895 Introduction to Web Science\Ho
mework Assignments\Assignment 04\Assignment04.toc"
LaTeX Font Info:    External font `cmex10' loaded for size
(Font)              <10.95> on input line 1.
)
\tf@toc=\write3
 [1

]
("C:\Users\Corren\Documents\Universities\ODU\ODU PhD\Courses\2013 Fall           - CS 895 Introduction to Web Science\Ho
mework Assignments\Assignment 04\Assignment04.lof")
\tf@lof=\write4
 [2

]
Overfull \hbox (13.66335pt too wide) in paragraph at lines 55--55
[]\OT1/cmtt/m/n/10.95 "http://investmentwatchblog.com/"->"http://forum.bytesforall.com/"  [label="WP Forum"];[] 
 []


Overfull \hbox (36.6581pt too wide) in paragraph at lines 55--55
[]\OT1/cmtt/m/n/10.95 "http://investmentwatchblog.com/"->"http://twitter.com/#!/investwatchblog"  [label="None"];[] 
 []


Overfull \hbox (19.41203pt too wide) in paragraph at lines 55--55
[]\OT1/cmtt/m/n/10.95 "http://investmentwatchblog.com/"->"http://www.bytesforall.com/"  [label="BytesForAll"];[] 
 []

LaTeX Font Info:    Try loading font information for OMS+cmr on input line 61.
("C:\Program Files (x86)\MiKTeX 2.9\tex\latex\base\omscmr.fd"
File: omscmr.fd 1999/05/25 v2.5h Standard LaTeX font definitions
)
LaTeX Font Info:    Font shape `OMS/cmr/m/n' in size <10.95> not available
(Font)              Font shape `OMS/cmsy/m/n' tried instead on input line 61.
 [3]
LaTeX Font Info:    External font `cmex10' loaded for size
(Font)              <9> on input line 75.
LaTeX Font Info:    External font `cmex10' loaded for size
(Font)              <5> on input line 75.

<ModularityClassGraph.png, id=22, 1027.84pt x 1027.84pt>
File: ModularityClassGraph.png Graphic file (type png)
 <use ModularityClassGraph.png>
Package pdftex.def Info: ModularityClassGraph.png used on input line 87.
(pdftex.def)             Requested size: 291.88646pt x 291.88664pt.

<ModularityLegend.png, id=24, 344.78813pt x 308.65312pt>
File: ModularityLegend.png Graphic file (type png)
 <use ModularityLegend.png>
Package pdftex.def Info: ModularityLegend.png used on input line 94.
(pdftex.def)             Requested size: 344.78728pt x 308.65236pt.

<authorities.png, id=25, 602.25pt x 401.5pt>
File: authorities.png Graphic file (type png)
 <use authorities.png>
Package pdftex.def Info: authorities.png used on input line 101.
(pdftex.def)             Requested size: 291.88646pt x 194.5986pt.
 <hubs.png, id=26, 602.25pt x 401.5pt>
File: hubs.png Graphic file (type png)
 <use hubs.png>
Package pdftex.def Info: hubs.png used on input line 108.
(pdftex.def)             Requested size: 291.88646pt x 194.5986pt.

<BetweennessCentralityDistribution.png, id=27, 602.25pt x 401.5pt>
File: BetweennessCentralityDistribution.png Graphic file (type png)
 <use BetweennessCentralityDistribution.png>
Package pdftex.def Info: BetweennessCentralityDistribution.png used on input line 115.
(pdftex.def)             Requested size: 291.88646pt x 194.5986pt.

<ClosenessCentralityDistribution.png, id=28, 602.25pt x 401.5pt>
File: ClosenessCentralityDistribution.png Graphic file (type png)
 <use ClosenessCentralityDistribution.png>
Package pdftex.def Info: ClosenessCentralityDistribution.png used on input line 122.
(pdftex.def)             Requested size: 291.88646pt x 194.5986pt.

<EccentricityDistribution.png, id=29, 602.25pt x 401.5pt>
File: EccentricityDistribution.png Graphic file (type png)
 <use EccentricityDistribution.png>
Package pdftex.def Info: EccentricityDistribution.png used on input line 129.
(pdftex.def)             Requested size: 291.88646pt x 194.5986pt.

<cc-size-distribution.png, id=30, 602.25pt x 401.5pt>
File: cc-size-distribution.png Graphic file (type png)
 <use cc-size-distribution.png>
Package pdftex.def Info: cc-size-distribution.png used on input line 138.
(pdftex.def)             Requested size: 291.88646pt x 194.5986pt.

No file Assignment04.bbl.
[4] [5 <C:/Users/Corren/Documents/Universities/ODU/ODU PhD/Courses/2013 Fall           - CS 895 Introduction to Web Scie
nce/Homework Assignments/Assignment 04/ModularityClassGraph.png> <C:/Users/Corren/Documents/Universities/ODU/ODU PhD/Cou
rses/2013 Fall           - CS 895 Introduction to Web Science/Homework Assignments/Assignment 04/ModularityLegend.png>]
[6 <C:/Users/Corren/Documents/Universities/ODU/ODU PhD/Courses/2013 Fall           - CS 895 Introduction to Web Science/
Homework Assignments/Assignment 04/authorities.png> <C:/Users/Corren/Documents/Universities/ODU/ODU PhD/Courses/2013 Fal
l           - CS 895 Introduction to Web Science/Homework Assignments/Assignment 04/hubs.png>] [7 <C:/Users/Corren/Docum
ents/Universities/ODU/ODU PhD/Courses/2013 Fall           - CS 895 Introduction to Web Science/Homework Assignments/Assi
gnment 04/BetweennessCentralityDistribution.png> <C:/Users/Corren/Documents/Universities/ODU/ODU PhD/Courses/2013 Fall  
         - CS 895 Introduction to Web Science/Homework Assignments/Assignment 04/ClosenessCentralityDistribution.png>]
[8 <C:/Users/Corren/Documents/Universities/ODU/ODU PhD/Courses/2013 Fall           - CS 895 Introduction to Web Science/
Homework Assignments/Assignment 04/EccentricityDistribution.png> <C:/Users/Corren/Documents/Universities/ODU/ODU PhD/Cou
rses/2013 Fall           - CS 895 Introduction to Web Science/Homework Assignments/Assignment 04/cc-size-distribution.pn
g>]
Appendix A.

("C:\Users\Corren\Documents\Universities\ODU\ODU PhD\Courses\2013 Fall           - CS 895 Introduction to Web Science\Ho
mework Assignments\Assignment 04\extractHREF.py" [9

]
Overfull \hbox (25.16072pt too wide) in paragraph at lines 143--143
[]        \OT1/cmtt/m/n/10.95 # create an empty dictionary. We want to build a dictionary {uri: {link:[title]}}[] 
 []


Overfull \hbox (13.66335pt too wide) in paragraph at lines 143--143
[]            \OT1/cmtt/m/n/10.95 # Verification. Compare original to unduplicated number of key-value pairs.[] 
 []


Overfull \hbox (19.41203pt too wide) in paragraph at lines 143--143
[]            \OT1/cmtt/m/n/10.95 print(siteKey, "Unduplicated:", len(links), "Full URI Count", str(numLinks))[] 
 []

[10]
Overfull \hbox (25.16072pt too wide) in paragraph at lines 143--143
[]            \OT1/cmtt/m/n/10.95 # Raised when the user hits the interrupt key (normally Control-C or Delete).[] 
 []

[11]) [12]
Appendix B.

("C:\Users\Corren\Documents\Universities\ODU\ODU PhD\Courses\2013 Fall           - CS 895 Introduction to Web Science\Ho
mework Assignments\Assignment 04\file1.txt") [13

]
("C:\Users\Corren\Documents\Universities\ODU\ODU PhD\Courses\2013 Fall           - CS 895 Introduction to Web Science\Ho
mework Assignments\Assignment 04\Assignment04.aux") ) 
Here is how much of TeX's memory you used:
 2035 strings out of 494045
 29485 string characters out of 3145966
 88071 words of memory out of 3000000
 5297 multiletter control sequences out of 15000+200000
 11616 words of font info for 41 fonts, out of 3000000 for 9000
 715 hyphenation exceptions out of 8191
 30i,8n,21p,800b,307s stack positions out of 5000i,500n,10000p,200000b,50000s
<C:/Program Files (x86)/MiKTeX 2.9/fonts/type1/public/amsfonts/cm/c
mbx10.pfb><C:/Program Files (x86)/MiKTeX 2.9/fonts/type1/public/amsfonts/cm/cmbx12.pfb><C:/Program Files (x86)/MiKTeX 2.
9/fonts/type1/public/amsfonts/cm/cmr10.pfb><C:/Program Files (x86)/MiKTeX 2.9/fonts/type1/public/amsfonts/cm/cmr12.pfb><
C:/Program Files (x86)/MiKTeX 2.9/fonts/type1/public/amsfonts/cm/cmr17.pfb><C:/Program Files (x86)/MiKTeX 2.9/fonts/type
1/public/amsfonts/cm/cmr6.pfb><C:/Program Files (x86)/MiKTeX 2.9/fonts/type1/public/amsfonts/cm/cmr8.pfb><C:/Program Fil
es (x86)/MiKTeX 2.9/fonts/type1/public/amsfonts/cm/cmsy10.pfb><C:/Program Files (x86)/MiKTeX 2.9/fonts/type1/public/amsf
onts/cm/cmti10.pfb><C:/Program Files (x86)/MiKTeX 2.9/fonts/type1/public/amsfonts/cm/cmtt10.pfb><C:/Program Files (x86)/
MiKTeX 2.9/fonts/type1/public/amsfonts/cm/cmtt9.pfb>
Output written on Assignment04.pdf (14 pages, 812323 bytes).
PDF statistics:
 108 PDF objects out of 1000 (max. 8388607)
 0 named destinations out of 1000 (max. 500000)
 41 words of extra memory for PDF output out of 10000 (max. 10000000)

